Build started 2/28/2015 10:17:18 PM.
     1>Project "F:\Academics\UCIrvineGD\Qtr2\EECS 221 - High Performance Computing\Project\Fractal_comp\Fractal_comp\Fractal_comp.vcxproj" on node 2 (Build target(s)).
     1>AddCudaCompileDeps:
         C:\Program Files (x86)\Microsoft Visual Studio 12.0\VC\bin\x86_amd64\cl.exe /E /nologo /showIncludes /TP /D__CUDACC__ /DWIN32 /DWIN64 /D_DEBUG /D_CONSOLE /D_MBCS /IC:\opencv\build\include /I"C:\Program Files\NVIDIA GPU Computing Toolkit\CUDA\v6.5\include" /I"C:\Program Files\NVIDIA GPU Computing Toolkit\CUDA\v6.5\bin" /I"C:\Program Files\NVIDIA GPU Computing Toolkit\CUDA\v6.5\include" /I. /FIcuda_runtime.h /c "F:\Academics\UCIrvineGD\Qtr2\EECS 221 - High Performance Computing\Project\Fractal_comp\Fractal_comp\Main.cu" 
       CudaBuild:
         Compiling CUDA source file Main.cu...
         cmd.exe /C "C:\Users\Mukhtar\AppData\Local\Temp\tmp5e218490eb8f4445ae3006b185571798.cmd"
         "C:\Program Files\NVIDIA GPU Computing Toolkit\CUDA\v6.5\bin\nvcc.exe" -gencode=arch=compute_20,code=\"sm_20,compute_20\" --use-local-env --cl-version 2013 -ccbin "C:\Program Files (x86)\Microsoft Visual Studio 12.0\VC\bin\x86_amd64"  -IC:\opencv\build\include -I"C:\Program Files\NVIDIA GPU Computing Toolkit\CUDA\v6.5\include" -I"C:\Program Files\NVIDIA GPU Computing Toolkit\CUDA\v6.5\include"  -G   --keep-dir x64\Debug -maxrregcount=0  --machine 64 --compile -cudart static  -g   -DWIN32 -DWIN64 -D_DEBUG -D_CONSOLE -D_MBCS -Xcompiler "/EHsc /W3 /nologo /Od /Zi /RTC1 /MDd  " -o x64\Debug\Main.cu.obj "F:\Academics\UCIrvineGD\Qtr2\EECS 221 - High Performance Computing\Project\Fractal_comp\Fractal_comp\Main.cu"
         
         F:\Academics\UCIrvineGD\Qtr2\EECS 221 - High Performance Computing\Project\Fractal_comp\Fractal_comp>"C:\Program Files\NVIDIA GPU Computing Toolkit\CUDA\v6.5\bin\nvcc.exe" -gencode=arch=compute_20,code=\"sm_20,compute_20\" --use-local-env --cl-version 2013 -ccbin "C:\Program Files (x86)\Microsoft Visual Studio 12.0\VC\bin\x86_amd64"  -IC:\opencv\build\include -I"C:\Program Files\NVIDIA GPU Computing Toolkit\CUDA\v6.5\include" -I"C:\Program Files\NVIDIA GPU Computing Toolkit\CUDA\v6.5\include"  -G   --keep-dir x64\Debug -maxrregcount=0  --machine 64 --compile -cudart static  -g   -DWIN32 -DWIN64 -D_DEBUG -D_CONSOLE -D_MBCS -Xcompiler "/EHsc /W3 /nologo /Od /Zi /RTC1 /MDd  " -o x64\Debug\Main.cu.obj "F:\Academics\UCIrvineGD\Qtr2\EECS 221 - High Performance Computing\Project\Fractal_comp\Fractal_comp\Main.cu" 
     1>F:/Academics/UCIrvineGD/Qtr2/EECS 221 - High Performance Computing/Project/Fractal_comp/Fractal_comp/Main.cu(46): warning : variable "count" was declared but never referenced
     1>F:/Academics/UCIrvineGD/Qtr2/EECS 221 - High Performance Computing/Project/Fractal_comp/Fractal_comp/Main.cu(46): warning : variable "count" was declared but never referenced
         Main.cu
       ClCompile:
         C:\Program Files (x86)\Microsoft Visual Studio 12.0\VC\bin\x86_amd64\CL.exe /c /I"C:\Program Files\NVIDIA GPU Computing Toolkit\CUDA\v6.5\include" /Zi /nologo /W3 /WX- /Od /D WIN32 /D WIN64 /D _DEBUG /D _CONSOLE /D _MBCS /Gm /EHsc /RTC1 /MDd /GS /fp:precise /Zc:wchar_t /Zc:forScope /Fo"x64\Debug\\" /Fd"x64\Debug\vc120.pdb" /Gd /TP /errorReport:prompt fdec.cpp fenc.cpp mutil.cpp
         mutil.cpp
     1>mutil.cpp(78): warning C4244: 'initializing' : conversion from 'double' to 'int', possible loss of data
     1>mutil.cpp(86): warning C4244: 'initializing' : conversion from 'double' to 'int', possible loss of data
     1>mutil.cpp(94): warning C4244: 'initializing' : conversion from 'double' to 'int', possible loss of data
     1>mutil.cpp(102): warning C4244: 'initializing' : conversion from 'double' to 'int', possible loss of data
     1>mutil.cpp(111): warning C4244: '=' : conversion from 'float' to 'int', possible loss of data
     1>mutil.cpp(117): warning C4244: '=' : conversion from 'float' to 'int', possible loss of data
         fenc.cpp
     1>fenc.cpp(40): warning C4305: 'initializing' : truncation from 'double' to 'float'
     1>fenc.cpp(99): warning C4244: '=' : conversion from 'int' to 'float', possible loss of data
     1>fenc.cpp(120): warning C4244: 'argument' : conversion from 'int' to 'float', possible loss of data
     1>fenc.cpp(124): warning C4244: '=' : conversion from 'double' to 'float', possible loss of data
         fdec.cpp
     1>fdec.cpp(36): warning C4305: 'initializing' : truncation from 'double' to 'float'
     1>fdec.cpp(21): warning C4101: 'i' : unreferenced local variable
     1>fdec.cpp(21): warning C4101: 'off' : unreferenced local variable
     1>fdec.cpp(20): warning C4101: 'bigM' : unreferenced local variable
     1>fdec.cpp(21): warning C4101: 'del_g' : unreferenced local variable
     1>fdec.cpp(21): warning C4101: 'sum_dist' : unreferenced local variable
     1>fdec.cpp(21): warning C4101: 'j' : unreferenced local variable
         Generating Code...
       Link:
         C:\Program Files (x86)\Microsoft Visual Studio 12.0\VC\bin\x86_amd64\link.exe /ERRORREPORT:PROMPT /OUT:"F:\Academics\UCIrvineGD\Qtr2\EECS 221 - High Performance Computing\Project\Fractal_comp\x64\Debug\Fractal_comp.exe" /INCREMENTAL /NOLOGO /LIBPATH:C:\opencv\build\x64\vc12\lib /LIBPATH:"C:\Program Files\NVIDIA GPU Computing Toolkit\CUDA\v6.5\lib\x64" cudart.lib kernel32.lib user32.lib gdi32.lib winspool.lib comdlg32.lib advapi32.lib shell32.lib ole32.lib oleaut32.lib uuid.lib odbc32.lib odbccp32.lib opencv_calib3d2410d.lib opencv_contrib2410d.lib opencv_core2410d.lib opencv_features2d2410d.lib opencv_flann2410d.lib opencv_gpu2410d.lib opencv_highgui2410d.lib opencv_imgproc2410d.lib opencv_legacy2410d.lib opencv_ml2410d.lib opencv_nonfree2410d.lib opencv_objdetect2410d.lib opencv_ocl2410d.lib opencv_photo2410d.lib opencv_stitching2410d.lib opencv_superres2410d.lib opencv_ts2410d.lib opencv_video2410d.lib opencv_videostab2410d.lib kernel32.lib user32.lib gdi32.lib winspool.lib comdlg32.lib advapi32.lib shell32.lib ole32.lib oleaut32.lib uuid.lib odbc32.lib odbccp32.lib /MANIFEST /MANIFESTUAC:"level='asInvoker' uiAccess='false'" /manifest:embed /DEBUG /PDB:"F:\Academics\UCIrvineGD\Qtr2\EECS 221 - High Performance Computing\Project\Fractal_comp\x64\Debug\Fractal_comp.pdb" /SUBSYSTEM:CONSOLE /TLBID:1 /DYNAMICBASE /NXCOMPAT /IMPLIB:"F:\Academics\UCIrvineGD\Qtr2\EECS 221 - High Performance Computing\Project\Fractal_comp\x64\Debug\Fractal_comp.lib" /MACHINE:X64 x64\Debug\Main.cu.obj
         x64\Debug\fdec.obj
         x64\Debug\fenc.obj
         x64\Debug\mutil.obj
         Fractal_comp.vcxproj -> F:\Academics\UCIrvineGD\Qtr2\EECS 221 - High Performance Computing\Project\Fractal_comp\x64\Debug\Fractal_comp.exe
       PostBuildEvent:
         echo copy "C:\Program Files\NVIDIA GPU Computing Toolkit\CUDA\v6.5\bin\cudart*.dll" "F:\Academics\UCIrvineGD\Qtr2\EECS 221 - High Performance Computing\Project\Fractal_comp\x64\Debug\"
         copy "C:\Program Files\NVIDIA GPU Computing Toolkit\CUDA\v6.5\bin\cudart*.dll" "F:\Academics\UCIrvineGD\Qtr2\EECS 221 - High Performance Computing\Project\Fractal_comp\x64\Debug\"
         :VCEnd
         copy "C:\Program Files\NVIDIA GPU Computing Toolkit\CUDA\v6.5\bin\cudart*.dll" "F:\Academics\UCIrvineGD\Qtr2\EECS 221 - High Performance Computing\Project\Fractal_comp\x64\Debug\"
         C:\Program Files\NVIDIA GPU Computing Toolkit\CUDA\v6.5\bin\cudart32_65.dll
         C:\Program Files\NVIDIA GPU Computing Toolkit\CUDA\v6.5\bin\cudart64_65.dll
                 2 file(s) copied.
     1>Done Building Project "F:\Academics\UCIrvineGD\Qtr2\EECS 221 - High Performance Computing\Project\Fractal_comp\Fractal_comp\Fractal_comp.vcxproj" (Build target(s)).

Build succeeded.

Time Elapsed 00:00:19.53
